Сборка начата 03.03.2025 8:25:20.
Уровень детализации журнала: Normal.     1>Проект "D:\Учеба\AISD2SEM\AISD2SEM\AISD2SEM\Лабы\Lab_02\Lab_02\Lab_02.vcxproj" в узле 2 (целевые объекты Build).
     1>PrepareForBuild:
         Структурированный вывод включен. Форматирование диагностики компилятора будет отражать иерархию ошибок. Подробнее см. https://aka.ms/cpp/structured-output.
       InitializeBuildStatus:
         Создание "x64\Debug\Lab_02.tlog\unsuccessfulbuild", так как было задано "AlwaysCreate".
         Обращение к "x64\Debug\Lab_02.tlog\unsuccessfulbuild".
       ClCompile:
         C:\Program Files\Microsoft Visual Studio\2022\Community\VC\Tools\MSVC\14.41.34120\bin\HostX64\x64\CL.exe /c /ZI /JMC /nologo /W3 /WX- /diagnostics:column /sdl /Od /D _DEBUG /D _CONSOLE /D _UNICODE /D UNICODE /Gm- /EHsc /RTC1 /MDd /GS /fp:precise /Zc:wchar_t /Zc:forScope /Zc:inline /permissive- /Fo"x64\Debug\\" /Fd"x64\Debug\vc143.pdb" /external:W3 /Gd /TP /FC /errorReport:prompt Lab_02.cpp
         Lab_02.cpp
     1>D:\Учеба\AISD2SEM\AISD2SEM\AISD2SEM\Лабы\Lab_02\Lab_02\Lab_02.cpp(12,24): warning C4244: инициализация: преобразование "double" в "int", возможна потеря данных
     1>D:\Учеба\AISD2SEM\AISD2SEM\AISD2SEM\Лабы\Lab_02\Lab_02\Lab_02.cpp(12,18): warning C4244: инициализация: преобразование "double" в "const int", возможна потеря данных
     1>D:\Учеба\AISD2SEM\AISD2SEM\AISD2SEM\Лабы\Lab_02\Lab_02\Lab_02.cpp(18,8): warning C4244: инициализация: преобразование "double" в "int", возможна потеря данных
     1>D:\Учеба\AISD2SEM\AISD2SEM\AISD2SEM\Лабы\Lab_02\Lab_02\Lab_02.cpp(32,12): warning C4244: =: преобразование "double" в "int", возможна потеря данных
     1>D:\Учеба\AISD2SEM\AISD2SEM\AISD2SEM\Лабы\Lab_02\Lab_02\Lab_02.cpp(36,12): warning C4244: =: преобразование "double" в "int", возможна потеря данных
       Link:
         C:\Program Files\Microsoft Visual Studio\2022\Community\VC\Tools\MSVC\14.41.34120\bin\HostX64\x64\link.exe /ERRORREPORT:PROMPT /OUT:"D:\Учеба\AISD2SEM\AISD2SEM\AISD2SEM\Лабы\Lab_02\x64\Debug\Lab_02.exe" /INCREMENTAL /ILK:"x64\Debug\Lab_02.ilk" /NOLOGO kernel32.lib user32.lib gdi32.lib winspool.lib comdlg32.lib advapi32.lib shell32.lib ole32.lib oleaut32.lib uuid.lib odbc32.lib odbccp32.lib /MANIFEST /MANIFESTUAC:"level='asInvoker' uiAccess='false'" /manifest:embed /DEBUG /PDB:"D:\Учеба\AISD2SEM\AISD2SEM\AISD2SEM\Лабы\Lab_02\x64\Debug\Lab_02.pdb" /SUBSYSTEM:CONSOLE /TLBID:1 /DYNAMICBASE /NXCOMPAT /IMPLIB:"D:\Учеба\AISD2SEM\AISD2SEM\AISD2SEM\Лабы\Lab_02\x64\Debug\Lab_02.lib" /MACHINE:X64 x64\Debug\Lab_02.obj
         Lab_02.vcxproj -> D:\Учеба\AISD2SEM\AISD2SEM\AISD2SEM\Лабы\Lab_02\x64\Debug\Lab_02.exe
       FinalizeBuildStatus:
         Файл "x64\Debug\Lab_02.tlog\unsuccessfulbuild" удаляется.
         Обращение к "x64\Debug\Lab_02.tlog\Lab_02.lastbuildstate".
     1>Сборка проекта "D:\Учеба\AISD2SEM\AISD2SEM\AISD2SEM\Лабы\Lab_02\Lab_02\Lab_02.vcxproj" завершена (целевые объекты Build).

Сборка успешно завершена.

       "D:\Учеба\AISD2SEM\AISD2SEM\AISD2SEM\Лабы\Lab_02\Lab_02\Lab_02.vcxproj" (целевой объект Build ) (1) ->
       (Целевой объект ClCompile) -> 
         D:\Учеба\AISD2SEM\AISD2SEM\AISD2SEM\Лабы\Lab_02\Lab_02\Lab_02.cpp(12,24): warning C4244: инициализация: преобразование "double" в "int", возможна потеря данных
         D:\Учеба\AISD2SEM\AISD2SEM\AISD2SEM\Лабы\Lab_02\Lab_02\Lab_02.cpp(12,18): warning C4244: инициализация: преобразование "double" в "const int", возможна потеря данных
         D:\Учеба\AISD2SEM\AISD2SEM\AISD2SEM\Лабы\Lab_02\Lab_02\Lab_02.cpp(18,8): warning C4244: инициализация: преобразование "double" в "int", возможна потеря данных
         D:\Учеба\AISD2SEM\AISD2SEM\AISD2SEM\Лабы\Lab_02\Lab_02\Lab_02.cpp(32,12): warning C4244: =: преобразование "double" в "int", возможна потеря данных
         D:\Учеба\AISD2SEM\AISD2SEM\AISD2SEM\Лабы\Lab_02\Lab_02\Lab_02.cpp(36,12): warning C4244: =: преобразование "double" в "int", возможна потеря данных

    Предупреждений: 5
    Ошибок: 0

Прошло времени 00:00:00.83
