Сборка начата 17.02.2025 8:49:53.
Уровень детализации журнала: Normal.     1>Проект "D:\Учеба\AISD2SEM\Лабы\Lab_01\Lab_01\Lab_01\Lab_01.vcxproj" в узле 2 (целевые объекты Build).
     1>C:\Program Files\Microsoft Visual Studio\2022\Community\MSBuild\Microsoft\VC\v170\Microsoft.CppBuild.targets(531,5): warning MSB8028: промежуточный каталог (x64\Debug\) содержит файлы, которые используются совместно с другим проектом (Lab_01massiv.vcxproj).  Это может привести к ошибкам очистки и перестроения.
         Структурированный вывод включен. Форматирование диагностики компилятора будет отражать иерархию ошибок. Подробнее см. https://aka.ms/cpp/structured-output.
     1>InitializeBuildStatus:
         Создание "x64\Debug\Lab_01.tlog\unsuccessfulbuild", так как было задано "AlwaysCreate".
         Обращение к "x64\Debug\Lab_01.tlog\unsuccessfulbuild".
       ClCompile:
         C:\Program Files\Microsoft Visual Studio\2022\Community\VC\Tools\MSVC\14.41.34120\bin\HostX64\x64\CL.exe /c /ZI /JMC /nologo /W3 /WX- /diagnostics:column /sdl /Od /D _DEBUG /D _CONSOLE /D _UNICODE /D UNICODE /Gm- /EHsc /RTC1 /MDd /GS /fp:precise /Zc:wchar_t /Zc:forScope /Zc:inline /permissive- /Fo"x64\Debug\\" /Fd"x64\Debug\vc143.pdb" /external:W3 /Gd /TP /FC /errorReport:prompt Lab_01.cpp
         Lab_01.cpp
       Link:
         C:\Program Files\Microsoft Visual Studio\2022\Community\VC\Tools\MSVC\14.41.34120\bin\HostX64\x64\link.exe /ERRORREPORT:PROMPT /OUT:"D:\Учеба\AISD2SEM\Лабы\Lab_01\Lab_01\x64\Debug\Lab_01.exe" /INCREMENTAL /ILK:"x64\Debug\Lab_01.ilk" /NOLOGO kernel32.lib user32.lib gdi32.lib winspool.lib comdlg32.lib advapi32.lib shell32.lib ole32.lib oleaut32.lib uuid.lib odbc32.lib odbccp32.lib /MANIFEST /MANIFESTUAC:"level='asInvoker' uiAccess='false'" /manifest:embed /DEBUG /PDB:"D:\Учеба\AISD2SEM\Лабы\Lab_01\Lab_01\x64\Debug\Lab_01.pdb" /SUBSYSTEM:CONSOLE /TLBID:1 /DYNAMICBASE /NXCOMPAT /IMPLIB:"D:\Учеба\AISD2SEM\Лабы\Lab_01\Lab_01\x64\Debug\Lab_01.lib" /MACHINE:X64 x64\Debug\Lab_01.obj
         Lab_01.vcxproj -> D:\Учеба\AISD2SEM\Лабы\Lab_01\Lab_01\x64\Debug\Lab_01.exe
       FinalizeBuildStatus:
         Файл "x64\Debug\Lab_01.tlog\unsuccessfulbuild" удаляется.
         Обращение к "x64\Debug\Lab_01.tlog\Lab_01.lastbuildstate".
     1>Сборка проекта "D:\Учеба\AISD2SEM\Лабы\Lab_01\Lab_01\Lab_01\Lab_01.vcxproj" завершена (целевые объекты Build).

Сборка успешно завершена.

       "D:\Учеба\AISD2SEM\Лабы\Lab_01\Lab_01\Lab_01\Lab_01.vcxproj" (целевой объект Build ) (1) ->
       (Целевой объект PrepareForBuild) -> 
         C:\Program Files\Microsoft Visual Studio\2022\Community\MSBuild\Microsoft\VC\v170\Microsoft.CppBuild.targets(531,5): warning MSB8028: промежуточный каталог (x64\Debug\) содержит файлы, которые используются совместно с другим проектом (Lab_01massiv.vcxproj).  Это может привести к ошибкам очистки и перестроения.

    Предупреждений: 1
    Ошибок: 0

Прошло времени 00:00:00.85
